<?xml version="1.0" encoding="UTF-8"?>
<!-- Generated by org.testng.reporters.JUnitXMLReporter -->
<testsuite ignored="2" hostname="DESKTOP-EQ55Q8H" failures="0" tests="1" name="Test(failed)(failed)" time="0.101" errors="0" timestamp="2022-06-24T17:29:31 IST">
  <testcase classname="TestNg1.Annotation" name="a" time="0.013"/>
  <testcase classname="TestNg1.Annotation" name="c" time="0.0">
    <ignored/>
  </testcase> <!-- c -->
  <testcase classname="TestNg1.Annotation" name="b" time="0.0">
    <ignored/>
  </testcase> <!-- b -->
</testsuite> <!-- Test(failed)(failed) -->
