<?xml version="1.0" encoding="UTF-8"?>
<!-- Generated by org.testng.reporters.JUnitXMLReporter -->
<testsuite ignored="0" hostname="DESKTOP-EQ55Q8H" failures="1" tests="1" name="Test1" time="18.825" errors="0" timestamp="2022-07-04T15:22:14 IST">
  <testcase classname="KiteTestBaseUtility.kitevalidate" name="f" time="1.913">
    <failure type="java.lang.AssertionError" message="tc fail expected [Dhana1111] but found [ELR321]">
      <![CDATA[java.lang.AssertionError: tc fail expected [Dhana1111] but found [ELR321]
at KiteTestBaseUtility.kitevalidate.f(kitevalidate.java:37)
at java.base/java.util.ArrayList.forEach(ArrayList.java:1511)
... Removed 30 stack frames]]>
    </failure>
  </testcase> <!-- f -->
</testsuite> <!-- Test1 -->
